Started by an SCM change
Building in workspace /home/timoxino/Development/github/Chronology/misc/twitter/work/workspace/Test1
Checkout:Test1 / /home/timoxino/Development/github/Chronology/misc/twitter/work/workspace/Test1 - hudson.remoting.LocalChannel@1cb3a963
Using strategy: Default
Last Built Revision: Revision 38710a329fc5b77caa6d6add36818540af9fd716 (origin/master)
Fetching changes from 1 remote Git repository
Fetching upstream changes from origin
Commencing build of Revision 80a676087f3ea64a706ec2f09a5662da63448808 (origin/master)
Checking out Revision 80a676087f3ea64a706ec2f09a5662da63448808 (origin/master)
[Test1] $ /home/timoxino/Development/github/Chronology/misc/twitter/work/tools/hudson.tasks.Maven_MavenInstallation/Maven_3.0.4/bin/mvn clean package
[INFO] Scanning for projects...
[INFO] ------------------------------------------------------------------------
[INFO] Reactor Build Order:
[INFO] 
[INFO] gameoflife
[INFO] gameoflife-build
[INFO] gameoflife-core
[INFO] gameoflife-webservice
[INFO] gameoflife-web
[INFO] gameoflife-cli
[INFO]                                                                         
[INFO] ------------------------------------------------------------------------
[INFO] Building gameoflife 0.9.65-SNAPSHOT
[INFO] ------------------------------------------------------------------------
[INFO] 
[8mha:AAAAYB+LCAAAAAAAAABb85aBtbiIQSmjNKU4P0+vJLE4u1gvPjexLDVPzxdEGvvmZ+X75ZekLlOVfvTjc8FPJgaGiiIGKaiG5Py84vycVD1nCA1SyAABjCCFBQCV27OjYAAAAA==[0m[INFO] --- maven-clean-plugin:2.4.1:clean (default-clean) @ gameoflife ---
[INFO]                                                                         
[INFO] ------------------------------------------------------------------------
[INFO] Building gameoflife-build 0.9.65-SNAPSHOT
[INFO] ------------------------------------------------------------------------
[INFO] 
[8mha:AAAAYB+LCAAAAAAAAABb85aBtbiIQSmjNKU4P0+vJLE4u1gvPjexLDVPzxdEGvvmZ+X75ZekLlOVfvTjc8FPJgaGiiIGKaiG5Py84vycVD1nCA1SyAABjCCFBQCV27OjYAAAAA==[0m[INFO] --- maven-clean-plugin:2.4.1:clean (default-clean) @ gameoflife-build ---
[INFO] Deleting /home/timoxino/Development/github/Chronology/misc/twitter/work/workspace/Test1/gameoflife-build/target
[INFO] 
[8mha:AAAAYB+LCAAAAAAAAABb85aBtbiIQSmjNKU4P0+vJLE4u1gvPjexLDVPzxdEGvvmZ+X75ZekLlOVfvTjc8FPJgaGiiIGKaiG5Py84vycVD1nCA1SyAABjCCFBQCV27OjYAAAAA==[0m[INFO] --- maven-resources-plugin:2.5:resources (default-resources) @ gameoflife-build ---
[debug] execute contextualize
[INFO] Using 'UTF-8' encoding to copy filtered resources.
[INFO] Copying 2 resources
[INFO] 
[8mha:AAAAYB+LCAAAAAAAAABb85aBtbiIQSmjNKU4P0+vJLE4u1gvPjexLDVPzxdEGvvmZ+X75ZekLlOVfvTjc8FPJgaGiiIGKaiG5Py84vycVD1nCA1SyAABjCCFBQCV27OjYAAAAA==[0m[INFO] --- maven-compiler-plugin:2.4:compile (default-compile) @ gameoflife-build ---
[INFO] No sources to compile
[INFO] 
[8mha:AAAAYB+LCAAAAAAAAABb85aBtbiIQSmjNKU4P0+vJLE4u1gvPjexLDVPzxdEGvvmZ+X75ZekLlOVfvTjc8FPJgaGiiIGKaiG5Py84vycVD1nCA1SyAABjCCFBQCV27OjYAAAAA==[0m[INFO] --- maven-resources-plugin:2.5:testResources (default-testResources) @ gameoflife-build ---
[debug] execute contextualize
[INFO] Using 'UTF-8' encoding to copy filtered resources.
[INFO] skip non existing resourceDirectory /home/timoxino/Development/github/Chronology/misc/twitter/work/workspace/Test1/gameoflife-build/src/test/resources
[INFO] 
[8mha:AAAAYB+LCAAAAAAAAABb85aBtbiIQSmjNKU4P0+vJLE4u1gvPjexLDVPzxdEGvvmZ+X75ZekLlOVfvTjc8FPJgaGiiIGKaiG5Py84vycVD1nCA1SyAABjCCFBQCV27OjYAAAAA==[0m[INFO] --- maven-compiler-plugin:2.4:testCompile (default-testCompile) @ gameoflife-build ---
[INFO] No sources to compile
[INFO] 
[8mha:AAAAYB+LCAAAAAAAAABb85aBtbiIQSmjNKU4P0+vJLE4u1gvPjexLDVPzxdEGvvmZ+X75ZekLlOVfvTjc8FPJgaGiiIGKaiG5Py84vycVD1nCA1SyAABjCCFBQCV27OjYAAAAA==[0m[INFO] --- maven-surefire-plugin:2.10:test (default-test) @ gameoflife-build ---
[INFO] No tests to run.
[INFO] Surefire report directory: /home/timoxino/Development/github/Chronology/misc/twitter/work/workspace/Test1/gameoflife-build/target/surefire-reports

-------------------------------------------------------
 T E S T S
-------------------------------------------------------
Concurrency config is parallel='classes', perCoreThreadCount=true, threadCount=4, useUnlimitedThreads=false

Results :

Tests run: 0, Failures: 0, Errors: 0, Skipped: 0

[INFO] 
[8mha:AAAAYB+LCAAAAAAAAABb85aBtbiIQSmjNKU4P0+vJLE4u1gvPjexLDVPzxdEGvvmZ+X75ZekLlOVfvTjc8FPJgaGiiIGKaiG5Py84vycVD1nCA1SyAABjCCFBQCV27OjYAAAAA==[0m[INFO] --- maven-jar-plugin:2.3.2:jar (default-jar) @ gameoflife-build ---
[INFO] Building jar: /home/timoxino/Development/github/Chronology/misc/twitter/work/workspace/Test1/gameoflife-build/target/gameoflife-build-0.9.65-SNAPSHOT.jar
[INFO]                                                                         
[INFO] ------------------------------------------------------------------------
[INFO] Building gameoflife-core 0.9.65-SNAPSHOT
[INFO] ------------------------------------------------------------------------
[INFO] 
[8mha:AAAAYB+LCAAAAAAAAABb85aBtbiIQSmjNKU4P0+vJLE4u1gvPjexLDVPzxdEGvvmZ+X75ZekLlOVfvTjc8FPJgaGiiIGKaiG5Py84vycVD1nCA1SyAABjCCFBQCV27OjYAAAAA==[0m[INFO] --- maven-clean-plugin:2.4.1:clean (default-clean) @ gameoflife-core ---
[INFO] Deleting /home/timoxino/Development/github/Chronology/misc/twitter/work/workspace/Test1/gameoflife-core/target
[INFO] 
[8mha:AAAAYB+LCAAAAAAAAABb85aBtbiIQSmjNKU4P0+vJLE4u1gvPjexLDVPzxdEGvvmZ+X75ZekLlOVfvTjc8FPJgaGiiIGKaiG5Py84vycVD1nCA1SyAABjCCFBQCV27OjYAAAAA==[0m[INFO] --- maven-resources-plugin:2.5:resources (default-resources) @ gameoflife-core ---
[debug] execute contextualize
[INFO] Using 'UTF-8' encoding to copy filtered resources.
[INFO] skip non existing resourceDirectory /home/timoxino/Development/github/Chronology/misc/twitter/work/workspace/Test1/gameoflife-core/src/main/resources
[INFO] 
[8mha:AAAAYB+LCAAAAAAAAABb85aBtbiIQSmjNKU4P0+vJLE4u1gvPjexLDVPzxdEGvvmZ+X75ZekLlOVfvTjc8FPJgaGiiIGKaiG5Py84vycVD1nCA1SyAABjCCFBQCV27OjYAAAAA==[0m[INFO] --- maven-compiler-plugin:2.4:compile (default-compile) @ gameoflife-core ---
[INFO] Compiling 5 source files to /home/timoxino/Development/github/Chronology/misc/twitter/work/workspace/Test1/gameoflife-core/target/classes
[INFO] 
[8mha:AAAAYB+LCAAAAAAAAABb85aBtbiIQSmjNKU4P0+vJLE4u1gvPjexLDVPzxdEGvvmZ+X75ZekLlOVfvTjc8FPJgaGiiIGKaiG5Py84vycVD1nCA1SyAABjCCFBQCV27OjYAAAAA==[0m[INFO] --- maven-resources-plugin:2.5:testResources (default-testResources) @ gameoflife-core ---
[debug] execute contextualize
[INFO] Using 'UTF-8' encoding to copy filtered resources.
[INFO] skip non existing resourceDirectory /home/timoxino/Development/github/Chronology/misc/twitter/work/workspace/Test1/gameoflife-core/src/test/resources
[INFO] 
[8mha:AAAAYB+LCAAAAAAAAABb85aBtbiIQSmjNKU4P0+vJLE4u1gvPjexLDVPzxdEGvvmZ+X75ZekLlOVfvTjc8FPJgaGiiIGKaiG5Py84vycVD1nCA1SyAABjCCFBQCV27OjYAAAAA==[0m[INFO] --- maven-compiler-plugin:2.4:testCompile (default-testCompile) @ gameoflife-core ---
[INFO] Compiling 9 source files to /home/timoxino/Development/github/Chronology/misc/twitter/work/workspace/Test1/gameoflife-core/target/test-classes
[INFO] 
[8mha:AAAAYB+LCAAAAAAAAABb85aBtbiIQSmjNKU4P0+vJLE4u1gvPjexLDVPzxdEGvvmZ+X75ZekLlOVfvTjc8FPJgaGiiIGKaiG5Py84vycVD1nCA1SyAABjCCFBQCV27OjYAAAAA==[0m[INFO] --- maven-surefire-plugin:2.10:test (default-test) @ gameoflife-core ---
[INFO] Surefire report directory: /home/timoxino/Development/github/Chronology/misc/twitter/work/workspace/Test1/gameoflife-core/target/surefire-reports

-------------------------------------------------------
 T E S T S
-------------------------------------------------------
Concurrency config is parallel='classes', perCoreThreadCount=true, threadCount=4, useUnlimitedThreads=false
Running com.wakaleo.gameoflife.domain.WhenYouPrintAGrid
Tests run: 3, Failures: 0, Errors: 0, Skipped: 0, Time elapsed: 0.063 sec
Running com.wakaleo.gameoflife.domain.WhenYouReadAGridFromAString
Tests run: 8, Failures: 0, Errors: 0, Skipped: 0, Time elapsed: 0.02 sec
Running com.wakaleo.gameoflife.domain.WhenYouCreateANewUniverse
Tests run: 11, Failures: 0, Errors: 0, Skipped: 0, Time elapsed: 0.157 sec
Running com.wakaleo.gameoflife.domain.WhenYouPlayTheGameOfLife
Tests run: 5, Failures: 0, Errors: 0, Skipped: 0, Time elapsed: 0.072 sec
Running com.wakaleo.gameoflife.domain.WhenYouCreateACell
Tests run: 6, Failures: 0, Errors: 0, Skipped: 0, Time elapsed: 0.042 sec
Running com.wakaleo.gameoflife.domain.WhenYouCreateAGrid
Tests run: 16, Failures: 0, Errors: 0, Skipped: 0, Time elapsed: 0.101 sec

Results :

Tests run: 49, Failures: 0, Errors: 0, Skipped: 0

[INFO] 
[8mha:AAAAYB+LCAAAAAAAAABb85aBtbiIQSmjNKU4P0+vJLE4u1gvPjexLDVPzxdEGvvmZ+X75ZekLlOVfvTjc8FPJgaGiiIGKaiG5Py84vycVD1nCA1SyAABjCCFBQCV27OjYAAAAA==[0m[INFO] --- maven-jar-plugin:2.3.2:jar (default-jar) @ gameoflife-core ---
[INFO] Building jar: /home/timoxino/Development/github/Chronology/misc/twitter/work/workspace/Test1/gameoflife-core/target/gameoflife-core-0.9.65-SNAPSHOT.jar
[INFO]                                                                         
[INFO] ------------------------------------------------------------------------
[INFO] Building gameoflife-webservice 0.9.65-SNAPSHOT
[INFO] ------------------------------------------------------------------------
[INFO] 
[8mha:AAAAYB+LCAAAAAAAAABb85aBtbiIQSmjNKU4P0+vJLE4u1gvPjexLDVPzxdEGvvmZ+X75ZekLlOVfvTjc8FPJgaGiiIGKaiG5Py84vycVD1nCA1SyAABjCCFBQCV27OjYAAAAA==[0m[INFO] --- maven-clean-plugin:2.4.1:clean (default-clean) @ gameoflife-webservice ---
[INFO] Deleting /home/timoxino/Development/github/Chronology/misc/twitter/work/workspace/Test1/gameoflife-webservice/target
[INFO] 
[8mha:AAAAYB+LCAAAAAAAAABb85aBtbiIQSmjNKU4P0+vJLE4u1gvPjexLDVPzxdEGvvmZ+X75ZekLlOVfvTjc8FPJgaGiiIGKaiG5Py84vycVD1nCA1SyAABjCCFBQCV27OjYAAAAA==[0m[INFO] --- maven-resources-plugin:2.5:resources (default-resources) @ gameoflife-webservice ---
[debug] execute contextualize
[INFO] Using 'UTF-8' encoding to copy filtered resources.
[INFO] skip non existing resourceDirectory /home/timoxino/Development/github/Chronology/misc/twitter/work/workspace/Test1/gameoflife-webservice/src/main/resources
[INFO] 
[8mha:AAAAYB+LCAAAAAAAAABb85aBtbiIQSmjNKU4P0+vJLE4u1gvPjexLDVPzxdEGvvmZ+X75ZekLlOVfvTjc8FPJgaGiiIGKaiG5Py84vycVD1nCA1SyAABjCCFBQCV27OjYAAAAA==[0m[INFO] --- maven-compiler-plugin:2.4:compile (default-compile) @ gameoflife-webservice ---
[INFO] Nothing to compile - all classes are up to date
[INFO] 
[8mha:AAAAYB+LCAAAAAAAAABb85aBtbiIQSmjNKU4P0+vJLE4u1gvPjexLDVPzxdEGvvmZ+X75ZekLlOVfvTjc8FPJgaGiiIGKaiG5Py84vycVD1nCA1SyAABjCCFBQCV27OjYAAAAA==[0m[INFO] --- maven-resources-plugin:2.5:testResources (default-testResources) @ gameoflife-webservice ---
[debug] execute contextualize
[INFO] Using 'UTF-8' encoding to copy filtered resources.
[INFO] skip non existing resourceDirectory /home/timoxino/Development/github/Chronology/misc/twitter/work/workspace/Test1/gameoflife-webservice/src/test/resources
[INFO] 
[8mha:AAAAYB+LCAAAAAAAAABb85aBtbiIQSmjNKU4P0+vJLE4u1gvPjexLDVPzxdEGvvmZ+X75ZekLlOVfvTjc8FPJgaGiiIGKaiG5Py84vycVD1nCA1SyAABjCCFBQCV27OjYAAAAA==[0m[INFO] --- maven-compiler-plugin:2.4:testCompile (default-testCompile) @ gameoflife-webservice ---
[INFO] No sources to compile
[INFO] 
[8mha:AAAAYB+LCAAAAAAAAABb85aBtbiIQSmjNKU4P0+vJLE4u1gvPjexLDVPzxdEGvvmZ+X75ZekLlOVfvTjc8FPJgaGiiIGKaiG5Py84vycVD1nCA1SyAABjCCFBQCV27OjYAAAAA==[0m[INFO] --- maven-surefire-plugin:2.10:test (default-test) @ gameoflife-webservice ---
[INFO] No tests to run.
[INFO] Surefire report directory: /home/timoxino/Development/github/Chronology/misc/twitter/work/workspace/Test1/gameoflife-webservice/target/surefire-reports

-------------------------------------------------------
 T E S T S
-------------------------------------------------------
Concurrency config is parallel='classes', perCoreThreadCount=true, threadCount=4, useUnlimitedThreads=false

Results :

Tests run: 0, Failures: 0, Errors: 0, Skipped: 0

[INFO] 
[8mha:AAAAYB+LCAAAAAAAAABb85aBtbiIQSmjNKU4P0+vJLE4u1gvPjexLDVPzxdEGvvmZ+X75ZekLlOVfvTjc8FPJgaGiiIGKaiG5Py84vycVD1nCA1SyAABjCCFBQCV27OjYAAAAA==[0m[INFO] --- maven-jar-plugin:2.3.2:jar (default-jar) @ gameoflife-webservice ---
[8mha:AAAAYx+LCAAAAAAAAABb85aBtbiIQSWjNKU4P0+vJLE4u1gvPjexLDVPzxdEhicW5WXmpfvll6S2fNly5fzGzauYGBgqihikoFqS8/OK83NS9ZwhNEghAwQwghQWAACwxA+XYgAAAA==[0m[WARNING] JAR will be empty - no content was marked for inclusion!
[INFO] Building jar: /home/timoxino/Development/github/Chronology/misc/twitter/work/workspace/Test1/gameoflife-webservice/target/gameoflife-webservice-0.9.65-SNAPSHOT.jar
[INFO]                                                                         
[INFO] ------------------------------------------------------------------------
[INFO] Building gameoflife-web 0.9.65-SNAPSHOT
[INFO] ------------------------------------------------------------------------
[INFO] 
[8mha:AAAAYB+LCAAAAAAAAABb85aBtbiIQSmjNKU4P0+vJLE4u1gvPjexLDVPzxdEGvvmZ+X75ZekLlOVfvTjc8FPJgaGiiIGKaiG5Py84vycVD1nCA1SyAABjCCFBQCV27OjYAAAAA==[0m[INFO] --- maven-clean-plugin:2.4.1:clean (default-clean) @ gameoflife-web ---
[INFO] Deleting /home/timoxino/Development/github/Chronology/misc/twitter/work/workspace/Test1/gameoflife-web/target
[INFO] 
[8mha:AAAAYB+LCAAAAAAAAABb85aBtbiIQSmjNKU4P0+vJLE4u1gvPjexLDVPzxdEGvvmZ+X75ZekLlOVfvTjc8FPJgaGiiIGKaiG5Py84vycVD1nCA1SyAABjCCFBQCV27OjYAAAAA==[0m[INFO] --- maven-resources-plugin:2.5:resources (default-resources) @ gameoflife-web ---
[debug] execute contextualize
[INFO] Using 'UTF-8' encoding to copy filtered resources.
[INFO] Copying 1 resource
[INFO] 
[8mha:AAAAYB+LCAAAAAAAAABb85aBtbiIQSmjNKU4P0+vJLE4u1gvPjexLDVPzxdEGvvmZ+X75ZekLlOVfvTjc8FPJgaGiiIGKaiG5Py84vycVD1nCA1SyAABjCCFBQCV27OjYAAAAA==[0m[INFO] --- maven-compiler-plugin:2.4:compile (default-compile) @ gameoflife-web ---
[INFO] Compiling 2 source files to /home/timoxino/Development/github/Chronology/misc/twitter/work/workspace/Test1/gameoflife-web/target/classes
[INFO] 
[8mha:AAAAYB+LCAAAAAAAAABb85aBtbiIQSmjNKU4P0+vJLE4u1gvPjexLDVPzxdEGvvmZ+X75ZekLlOVfvTjc8FPJgaGiiIGKaiG5Py84vycVD1nCA1SyAABjCCFBQCV27OjYAAAAA==[0m[INFO] --- maven-resources-plugin:2.5:testResources (default-testResources) @ gameoflife-web ---
[debug] execute contextualize
[INFO] Using 'UTF-8' encoding to copy filtered resources.
[INFO] skip non existing resourceDirectory /home/timoxino/Development/github/Chronology/misc/twitter/work/workspace/Test1/gameoflife-web/src/test/resources
[INFO] 
[8mha:AAAAYB+LCAAAAAAAAABb85aBtbiIQSmjNKU4P0+vJLE4u1gvPjexLDVPzxdEGvvmZ+X75ZekLlOVfvTjc8FPJgaGiiIGKaiG5Py84vycVD1nCA1SyAABjCCFBQCV27OjYAAAAA==[0m[INFO] --- maven-compiler-plugin:2.4:testCompile (default-testCompile) @ gameoflife-web ---
[INFO] Compiling 3 source files to /home/timoxino/Development/github/Chronology/misc/twitter/work/workspace/Test1/gameoflife-web/target/test-classes
[INFO] 
[8mha:AAAAYB+LCAAAAAAAAABb85aBtbiIQSmjNKU4P0+vJLE4u1gvPjexLDVPzxdEGvvmZ+X75ZekLlOVfvTjc8FPJgaGiiIGKaiG5Py84vycVD1nCA1SyAABjCCFBQCV27OjYAAAAA==[0m[INFO] --- maven-surefire-plugin:2.9:test (default-test) @ gameoflife-web ---
[INFO] Surefire report directory: /home/timoxino/Development/github/Chronology/misc/twitter/work/workspace/Test1/gameoflife-web/target/surefire-reports

-------------------------------------------------------
 T E S T S
-------------------------------------------------------
Concurrency config is parallel='classes', perCoreThreadCount=true, threadCount=4, useUnlimitedThreads=false
Running com.wakaleo.gameoflife.webtests.controllers.WhenCreatingANewGame
Tests run: 3, Failures: 0, Errors: 0, Skipped: 0, Time elapsed: 0.6 sec
Running com.wakaleo.gameoflife.webtests.controllers.WhenSpawningANewGeneration
Tests run: 2, Failures: 0, Errors: 0, Skipped: 0, Time elapsed: 0.543 sec
Running com.wakaleo.gameoflife.webtests.controllers.WhenDisplayingTheHomePage
Tests run: 2, Failures: 1, Errors: 0, Skipped: 0, Time elapsed: -1,968,539.136 sec <<< FAILURE!

Results :

Failed tests:   theHomeUrlShouldDisplayTheHomePage(com.wakaleo.gameoflife.webtests.controllers.WhenDisplayingTheHomePage)

Tests run: 7, Failures: 1, Errors: 0, Skipped: 0

[INFO] ------------------------------------------------------------------------
[INFO] Reactor Summary:
[INFO] 
[INFO] gameoflife ........................................ SUCCESS [0.799s]
[INFO] gameoflife-build .................................. SUCCESS [9.981s]
[INFO] gameoflife-core ................................... SUCCESS [6.577s]
[INFO] gameoflife-webservice ............................. SUCCESS [0.580s]
[INFO] gameoflife-web .................................... FAILURE [3.493s]
[INFO] gameoflife-cli .................................... SKIPPED
[INFO] ------------------------------------------------------------------------
[INFO] BUILD FAILURE
[INFO] ------------------------------------------------------------------------
[INFO] Total time: 22.062s
[INFO] Finished at: Mon Jun 24 11:38:27 EET 2013
[INFO] Final Memory: 11M/104M
[INFO] ------------------------------------------------------------------------
[8mha:AAAAYB+LCAAAAAAAAABb85aBtbiIQSmjNKU4P0+vJLE4u1gvPjexLDVPzxdEuhYV5Rf55ZekOlc7RKnPKH7IxMBQUcQgBdWQnJ9XnJ+TqucMoUEKGSCAEaSwAACsNFCqYAAAAA==[0m[ERROR] Failed to execute goal org.apache.maven.plugins:maven-surefire-plugin:2.9:test (default-test) on project gameoflife-web: There are test failures.
[8mha:AAAAYB+LCAAAAAAAAABb85aBtbiIQSmjNKU4P0+vJLE4u1gvPjexLDVPzxdEuhYV5Rf55ZekOlc7RKnPKH7IxMBQUcQgBdWQnJ9XnJ+TqucMoUEKGSCAEaSwAACsNFCqYAAAAA==[0m[ERROR] 
[8mha:AAAAYB+LCAAAAAAAAABb85aBtbiIQSmjNKU4P0+vJLE4u1gvPjexLDVPzxdEuhYV5Rf55ZekOlc7RKnPKH7IxMBQUcQgBdWQnJ9XnJ+TqucMoUEKGSCAEaSwAACsNFCqYAAAAA==[0m[ERROR] Please refer to /home/timoxino/Development/github/Chronology/misc/twitter/work/workspace/Test1/gameoflife-web/target/surefire-reports for the individual test results.
[8mha:AAAAYB+LCAAAAAAAAABb85aBtbiIQSmjNKU4P0+vJLE4u1gvPjexLDVPzxdEuhYV5Rf55ZekOlc7RKnPKH7IxMBQUcQgBdWQnJ9XnJ+TqucMoUEKGSCAEaSwAACsNFCqYAAAAA==[0m[ERROR] -> [Help 1]
[8mha:AAAAYB+LCAAAAAAAAABb85aBtbiIQSmjNKU4P0+vJLE4u1gvPjexLDVPzxdEuhYV5Rf55ZekOlc7RKnPKH7IxMBQUcQgBdWQnJ9XnJ+TqucMoUEKGSCAEaSwAACsNFCqYAAAAA==[0m[ERROR] 
[8mha:AAAAYB+LCAAAAAAAAABb85aBtbiIQSmjNKU4P0+vJLE4u1gvPjexLDVPzxdEuhYV5Rf55ZekOlc7RKnPKH7IxMBQUcQgBdWQnJ9XnJ+TqucMoUEKGSCAEaSwAACsNFCqYAAAAA==[0m[ERROR] To see the full stack trace of the errors, re-run Maven with the -e switch.
[8mha:AAAAYB+LCAAAAAAAAABb85aBtbiIQSmjNKU4P0+vJLE4u1gvPjexLDVPzxdEuhYV5Rf55ZekOlc7RKnPKH7IxMBQUcQgBdWQnJ9XnJ+TqucMoUEKGSCAEaSwAACsNFCqYAAAAA==[0m[ERROR] Re-run Maven using the -X switch to enable full debug logging.
[8mha:AAAAYB+LCAAAAAAAAABb85aBtbiIQSmjNKU4P0+vJLE4u1gvPjexLDVPzxdEuhYV5Rf55ZekOlc7RKnPKH7IxMBQUcQgBdWQnJ9XnJ+TqucMoUEKGSCAEaSwAACsNFCqYAAAAA==[0m[ERROR] 
[8mha:AAAAYB+LCAAAAAAAAABb85aBtbiIQSmjNKU4P0+vJLE4u1gvPjexLDVPzxdEuhYV5Rf55ZekOlc7RKnPKH7IxMBQUcQgBdWQnJ9XnJ+TqucMoUEKGSCAEaSwAACsNFCqYAAAAA==[0m[ERROR] For more information about the errors and possible solutions, please read the following articles:
[8mha:AAAAYB+LCAAAAAAAAABb85aBtbiIQSmjNKU4P0+vJLE4u1gvPjexLDVPzxdEuhYV5Rf55ZekOlc7RKnPKH7IxMBQUcQgBdWQnJ9XnJ+TqucMoUEKGSCAEaSwAACsNFCqYAAAAA==[0m[ERROR] [Help 1] http://cwiki.apache.org/confluence/display/MAVEN/MojoFailureException
[8mha:AAAAYB+LCAAAAAAAAABb85aBtbiIQSmjNKU4P0+vJLE4u1gvPjexLDVPzxdEuhYV5Rf55ZekOlc7RKnPKH7IxMBQUcQgBdWQnJ9XnJ+TqucMoUEKGSCAEaSwAACsNFCqYAAAAA==[0m[ERROR] 
[8mha:AAAAYB+LCAAAAAAAAABb85aBtbiIQSmjNKU4P0+vJLE4u1gvPjexLDVPzxdEuhYV5Rf55ZekOlc7RKnPKH7IxMBQUcQgBdWQnJ9XnJ+TqucMoUEKGSCAEaSwAACsNFCqYAAAAA==[0m[ERROR] After correcting the problems, you can resume the build with the command
[8mha:AAAAYB+LCAAAAAAAAABb85aBtbiIQSmjNKU4P0+vJLE4u1gvPjexLDVPzxdEuhYV5Rf55ZekOlc7RKnPKH7IxMBQUcQgBdWQnJ9XnJ+TqucMoUEKGSCAEaSwAACsNFCqYAAAAA==[0m[ERROR]   mvn <goals> -rf :gameoflife-web
Build step 'Invoke top-level Maven targets' marked build as failure
Archiving artifacts
Recording test results
Finished: FAILURE
